d:\projects\vault-ripper\vault-ripper\vault-ripper\x64\debug\vc143.pdb
d:\projects\vault-ripper\vault-ripper\vault-ripper\x64\debug\thread.obj
d:\projects\vault-ripper\vault-ripper\vault-ripper\x64\debug\process.obj
d:\projects\vault-ripper\vault-ripper\vault-ripper\x64\debug\modules.obj
d:\projects\vault-ripper\vault-ripper\vault-ripper\x64\debug\hooks.obj
d:\projects\vault-ripper\vault-ripper\vault-ripper\x64\debug\helpers.obj
d:\projects\vault-ripper\vault-ripper\vault-ripper\x64\debug\entry.obj
d:\projects\vault-ripper\vault-ripper\vault-ripper\x64\debug\driver.obj
d:\projects\vault-ripper\vault-ripper\vault-ripper\x64\debug\av.obj
d:\projects\vault-ripper\vault-ripper\x64\debug\vault-ripper.sys
d:\projects\vault-ripper\vault-ripper\x64\debug\vault-ripper.pdb
d:\projects\vault-ripper\vault-ripper\x64\debug\vault-ripper\vault-ripper.cat
d:\projects\vault-ripper\vault-ripper\vault-ripper\x64\debug\vault-ripper.inf
d:\projects\vault-ripper\vault-ripper\x64\debug\vault-ripper.cer
d:\projects\vault-ripper\vault-ripper\x64\debug\vault-ripper.inf
d:\projects\vault-ripper\vault-ripper\vault-ripper\x64\debug\vault-ripper.tlog\cl.command.1.tlog
d:\projects\vault-ripper\vault-ripper\vault-ripper\x64\debug\vault-ripper.tlog\cl.items.tlog
d:\projects\vault-ripper\vault-ripper\vault-ripper\x64\debug\vault-ripper.tlog\cl.read.1.tlog
d:\projects\vault-ripper\vault-ripper\vault-ripper\x64\debug\vault-ripper.tlog\cl.write.1.tlog
d:\projects\vault-ripper\vault-ripper\vault-ripper\x64\debug\vault-ripper.tlog\inf2cat-expand.11524.read.1.tlog
d:\projects\vault-ripper\vault-ripper\vault-ripper\x64\debug\vault-ripper.tlog\inf2cat-expand.11524.write.1.tlog
d:\projects\vault-ripper\vault-ripper\vault-ripper\x64\debug\vault-ripper.tlog\inf2cat-expand.15148.read.1.tlog
d:\projects\vault-ripper\vault-ripper\vault-ripper\x64\debug\vault-ripper.tlog\inf2cat-expand.15148.write.1.tlog
d:\projects\vault-ripper\vault-ripper\vault-ripper\x64\debug\vault-ripper.tlog\inf2cat-expand.15244.read.1.tlog
d:\projects\vault-ripper\vault-ripper\vault-ripper\x64\debug\vault-ripper.tlog\inf2cat-expand.15244.write.1.tlog
d:\projects\vault-ripper\vault-ripper\vault-ripper\x64\debug\vault-ripper.tlog\inf2cat-expand.15928.read.1.tlog
d:\projects\vault-ripper\vault-ripper\vault-ripper\x64\debug\vault-ripper.tlog\inf2cat-expand.15928.write.1.tlog
d:\projects\vault-ripper\vault-ripper\vault-ripper\x64\debug\vault-ripper.tlog\inf2cat-expand.16072.read.1.tlog
d:\projects\vault-ripper\vault-ripper\vault-ripper\x64\debug\vault-ripper.tlog\inf2cat-expand.16072.write.1.tlog
d:\projects\vault-ripper\vault-ripper\vault-ripper\x64\debug\vault-ripper.tlog\inf2cat-expand.16120.read.1.tlog
d:\projects\vault-ripper\vault-ripper\vault-ripper\x64\debug\vault-ripper.tlog\inf2cat-expand.16120.write.1.tlog
d:\projects\vault-ripper\vault-ripper\vault-ripper\x64\debug\vault-ripper.tlog\inf2cat-expand.16564.read.1.tlog
d:\projects\vault-ripper\vault-ripper\vault-ripper\x64\debug\vault-ripper.tlog\inf2cat-expand.16564.write.1.tlog
d:\projects\vault-ripper\vault-ripper\vault-ripper\x64\debug\vault-ripper.tlog\inf2cat-expand.16700.read.1.tlog
d:\projects\vault-ripper\vault-ripper\vault-ripper\x64\debug\vault-ripper.tlog\inf2cat-expand.16700.write.1.tlog
d:\projects\vault-ripper\vault-ripper\vault-ripper\x64\debug\vault-ripper.tlog\inf2cat-expand.16832.read.1.tlog
d:\projects\vault-ripper\vault-ripper\vault-ripper\x64\debug\vault-ripper.tlog\inf2cat-expand.16832.write.1.tlog
d:\projects\vault-ripper\vault-ripper\vault-ripper\x64\debug\vault-ripper.tlog\inf2cat-expand.18772.read.1.tlog
d:\projects\vault-ripper\vault-ripper\vault-ripper\x64\debug\vault-ripper.tlog\inf2cat-expand.18772.write.1.tlog
d:\projects\vault-ripper\vault-ripper\vault-ripper\x64\debug\vault-ripper.tlog\inf2cat-expand.19020.read.1.tlog
d:\projects\vault-ripper\vault-ripper\vault-ripper\x64\debug\vault-ripper.tlog\inf2cat-expand.19020.write.1.tlog
d:\projects\vault-ripper\vault-ripper\vault-ripper\x64\debug\vault-ripper.tlog\inf2cat-expand.20000.read.1.tlog
d:\projects\vault-ripper\vault-ripper\vault-ripper\x64\debug\vault-ripper.tlog\inf2cat-expand.20000.write.1.tlog
d:\projects\vault-ripper\vault-ripper\vault-ripper\x64\debug\vault-ripper.tlog\inf2cat-expand.20280.read.1.tlog
d:\projects\vault-ripper\vault-ripper\vault-ripper\x64\debug\vault-ripper.tlog\inf2cat-expand.20280.write.1.tlog
d:\projects\vault-ripper\vault-ripper\vault-ripper\x64\debug\vault-ripper.tlog\inf2cat-expand.20960.read.1.tlog
d:\projects\vault-ripper\vault-ripper\vault-ripper\x64\debug\vault-ripper.tlog\inf2cat-expand.20960.write.1.tlog
d:\projects\vault-ripper\vault-ripper\vault-ripper\x64\debug\vault-ripper.tlog\inf2cat-expand.21672.read.1.tlog
d:\projects\vault-ripper\vault-ripper\vault-ripper\x64\debug\vault-ripper.tlog\inf2cat-expand.21672.write.1.tlog
d:\projects\vault-ripper\vault-ripper\vault-ripper\x64\debug\vault-ripper.tlog\inf2cat-expand.22148.read.1.tlog
d:\projects\vault-ripper\vault-ripper\vault-ripper\x64\debug\vault-ripper.tlog\inf2cat-expand.22148.write.1.tlog
d:\projects\vault-ripper\vault-ripper\vault-ripper\x64\debug\vault-ripper.tlog\inf2cat-expand.22252.read.1.tlog
d:\projects\vault-ripper\vault-ripper\vault-ripper\x64\debug\vault-ripper.tlog\inf2cat-expand.22252.write.1.tlog
d:\projects\vault-ripper\vault-ripper\vault-ripper\x64\debug\vault-ripper.tlog\inf2cat-expand.22392.read.1.tlog
d:\projects\vault-ripper\vault-ripper\vault-ripper\x64\debug\vault-ripper.tlog\inf2cat-expand.22392.write.1.tlog
d:\projects\vault-ripper\vault-ripper\vault-ripper\x64\debug\vault-ripper.tlog\inf2cat-expand.22492.read.1.tlog
d:\projects\vault-ripper\vault-ripper\vault-ripper\x64\debug\vault-ripper.tlog\inf2cat-expand.22492.write.1.tlog
d:\projects\vault-ripper\vault-ripper\vault-ripper\x64\debug\vault-ripper.tlog\inf2cat-expand.2720.read.1.tlog
d:\projects\vault-ripper\vault-ripper\vault-ripper\x64\debug\vault-ripper.tlog\inf2cat-expand.2720.write.1.tlog
d:\projects\vault-ripper\vault-ripper\vault-ripper\x64\debug\vault-ripper.tlog\inf2cat-expand.392.read.1.tlog
d:\projects\vault-ripper\vault-ripper\vault-ripper\x64\debug\vault-ripper.tlog\inf2cat-expand.392.write.1.tlog
d:\projects\vault-ripper\vault-ripper\vault-ripper\x64\debug\vault-ripper.tlog\inf2cat-expand.4444.read.1.tlog
d:\projects\vault-ripper\vault-ripper\vault-ripper\x64\debug\vault-ripper.tlog\inf2cat-expand.4444.write.1.tlog
d:\projects\vault-ripper\vault-ripper\vault-ripper\x64\debug\vault-ripper.tlog\inf2cat-expand.read.1.tlog
d:\projects\vault-ripper\vault-ripper\vault-ripper\x64\debug\vault-ripper.tlog\inf2cat-expand.write.1.tlog
d:\projects\vault-ripper\vault-ripper\vault-ripper\x64\debug\vault-ripper.tlog\inf2cat.command.1.tlog
d:\projects\vault-ripper\vault-ripper\vault-ripper\x64\debug\vault-ripper.tlog\link.command.1.tlog
d:\projects\vault-ripper\vault-ripper\vault-ripper\x64\debug\vault-ripper.tlog\link.read.1.tlog
d:\projects\vault-ripper\vault-ripper\vault-ripper\x64\debug\vault-ripper.tlog\link.secondary.1.tlog
d:\projects\vault-ripper\vault-ripper\vault-ripper\x64\debug\vault-ripper.tlog\link.write.1.tlog
d:\projects\vault-ripper\vault-ripper\vault-ripper\x64\debug\vault-ripper.tlog\signtool.command.1.tlog
d:\projects\vault-ripper\vault-ripper\vault-ripper\x64\debug\vault-ripper.tlog\signtool.read.1.tlog
d:\projects\vault-ripper\vault-ripper\vault-ripper\x64\debug\vault-ripper.tlog\signtool.timestamp.1.tlog
d:\projects\vault-ripper\vault-ripper\vault-ripper\x64\debug\vault-ripper.tlog\signtool.write.1.tlog
d:\projects\vault-ripper\vault-ripper\vault-ripper\x64\debug\vault-ripper.tlog\stampinf.command.1.tlog
d:\projects\vault-ripper\vault-ripper\vault-ripper\x64\debug\vault-ripper.tlog\stampinf.read.1.tlog
d:\projects\vault-ripper\vault-ripper\vault-ripper\x64\debug\vault-ripper.tlog\stampinf.write.1.tlog
